Microsoft.HEVCVideoExtension_1.0.50361.0_x64__8wekyb3d8bbwe
MicrosoftCorporationII.QuickAssist_2022.414.1758.0_neutral_~_8wekyb3d8bbwe
Microsoft.PowerAutomateDesktop_10.0.3735.0_neutral_~_8wekyb3d8bbwe
Microsoft.549981C3F5F10_3.2204.14815.0_neutral_~_8wekyb3d8bbwe
Microsoft.Xbox.TCUI_1.23.28004.0_neutral_~_8wekyb3d8bbwe
Microsoft.Getstarted_8.2.22942.0_neutral_~_8wekyb3d8bbwe
Microsoft.VCLibs.140.00_14.0.30704.0_x64__8wekyb3d8bbwe
Microsoft.WindowsFeedbackHub_2019.1111.2029.0_neutral_~_8wekyb3d8bbwe
Microsoft.MixedReality.Portal_2000.19081.1301.0_neutral_~_8wekyb3d8bbwe
Microsoft.MicrosoftSolitaireCollection_4.4.8204.0_neutral_~_8wekyb3d8bbwe
Microsoft.WindowsCamera_2022.2201.4.0_neutral_~_8wekyb3d8bbwe
Microsoft.HEIFImageExtension_1.0.43012.0_x64__8wekyb3d8bbwe
Microsoft.DesktopAppInstaller_2022.310.2333.0_neutral_~_8wekyb3d8bbwe
Microsoft.MicrosoftStickyNotes_4.2.2.0_neutral_~_8wekyb3d8bbwe
Microsoft.Paint_11.2201.22.0_neutral_~_8wekyb3d8bbwe
Microsoft.People_2019.305.632.0_neutral_~_8wekyb3d8bbwe
Microsoft.MicrosoftOfficeHub_18.1903.1152.0_neutral_~_8wekyb3d8bbwe
Microsoft.SkypeApp_14.53.77.0_neutral_~_kzf8qxf38zg5c
Microsoft.RawImageExtension_2.1.30391.0_neutral_~_8wekyb3d8bbwe
Microsoft.WindowsAlarms_2022.2202.24.0_neutral_~_8wekyb3d8bbwe
Microsoft.WindowsMaps_2022.2202.6.0_neutral_~_8wekyb3d8bbwe
Microsoft.YourPhone_2019.430.2026.0_neutral_~_8wekyb3d8bbwe
Microsoft.Getstarted_2021.2204.1.0_neutral_~_8wekyb3d8bbwe
Microsoft.XboxIdentityProvider_12.50.6001.0_neutral_~_8wekyb3d8bbwe
Microsoft.XboxSpeechToTextOverlay_1.17.29001.0_neutral_~_8wekyb3d8bbwe
Microsoft.XboxGamingOverlay_2.34.28001.0_neutral_~_8wekyb3d8bbwe
Microsoft.VP9VideoExtensions_1.0.50901.0_x64__8wekyb3d8bbwe
Microsoft.GetHelp_10.2201.421.0_neutral_~_8wekyb3d8bbwe
MicrosoftWindows.Client.WebExperience_421.20070.195.0_neutral_~_cw5n1h2txyewy
Microsoft.Wallet_2.4.18324.0_neutral_~_8wekyb3d8bbwe
Microsoft.WindowsMaps_2019.716.2316.0_neutral_~_8wekyb3d8bbwe
Microsoft.Xbox.TCUI_1.23.28002.0_neutral_~_8wekyb3d8bbwe
Microsoft.HEIFImageExtension_1.0.22742.0_x64__8wekyb3d8bbwe
Microsoft.MicrosoftOfficeHub_18.2204.1141.0_neutral_~_8wekyb3d8bbwe
Microsoft.GetHelp_10.1706.13331.0_neutral_~_8wekyb3d8bbwe
Microsoft.Todos_2.54.42772.0_neutral_~_8wekyb3d8bbwe
Microsoft.BingWeather_4.25.20211.0_neutral_~_8wekyb3d8bbwe
Microsoft.XboxGameOverlay_1.47.2385.0_neutral_~_8wekyb3d8bbwe
Microsoft.Windows.Photos_21.21030.25003.0_neutral_~_8wekyb3d8bbwe
Microsoft.ScreenSketch_2019.904.1644.0_neutral_~_8wekyb3d8bbwe
Microsoft.People_2020.901.1724.0_neutral_~_8wekyb3d8bbwe
Microsoft.549981C3F5F10_1.1911.21713.0_neutral_~_8wekyb3d8bbwe
Microsoft.WindowsSoundRecorder_2019.716.2313.0_neutral_~_8wekyb3d8bbwe
Microsoft.ScreenSketch_2022.2201.12.0_neutral_~_8wekyb3d8bbwe
Microsoft.MicrosoftSolitaireCollection_4.12.3171.0_neutral_~_8wekyb3d8bbwe
Microsoft.WebMediaExtensions_1.0.42192.0_neutral_~_8wekyb3d8bbwe
Microsoft.WindowsFeedbackHub_2022.106.2230.0_neutral_~_8wekyb3d8bbwe
Microsoft.WindowsSoundRecorder_2021.2103.28.0_neutral_~_8wekyb3d8bbwe
Microsoft.ZuneMusic_11.2202.46.0_neutral_~_8wekyb3d8bbwe
Microsoft.BingNews_4.2.27001.0_neutral_~_8wekyb3d8bbwe
Microsoft.WebpImageExtension_1.0.42351.0_x64__8wekyb3d8bbwe
Microsoft.XboxGameOverlay_1.46.11001.0_neutral_~_8wekyb3d8bbwe
Microsoft.GamingApp_2021.427.138.0_neutral_~_8wekyb3d8bbwe
Microsoft.MicrosoftStickyNotes_3.6.73.0_neutral_~_8wekyb3d8bbwe
Microsoft.WindowsAlarms_2019.807.41.0_neutral_~_8wekyb3d8bbwe
Microsoft.XboxGamingOverlay_2.622.3232.0_neutral_~_8wekyb3d8bbwe
Microsoft.ZuneVideo_2019.22020.10021.0_neutral_~_8wekyb3d8bbwe
Microsoft.WindowsNotepad_11.2112.32.0_neutral_~_8wekyb3d8bbwe
Microsoft.XboxApp_48.49.31001.0_neutral_~_8wekyb3d8bbwe
Microsoft.MSPaint_2019.729.2301.0_neutral_~_8wekyb3d8bbwe
Microsoft.Microsoft3DViewer_6.1908.2042.0_neutral_~_8wekyb3d8bbwe
Microsoft.YourPhone_1.22022.147.0_neutral_~_8wekyb3d8bbwe
microsoft.windowscommunicationsapps_16005.14326.20544.0_neutral_~_8wekyb3d8bbwe
Clipchamp.Clipchamp_2.2.8.0_neutral_~_yxz26nhyzhsrt
