Getstarted
3DViewer
windowscommunicationsapps
Microsoft.3dbuilder
ContentDeliveryManager
Windows.Search
XboxGameCallableUI
Xbox
YourPhone
WindowsCamera
BingWeather
PowerAutomateDesktop
WindowsAlarms
WindowsSoundRecorder
People
WindowsMaps
WindowsFeedbackHub
GetHelp
MicrosoftStickyNotes
XboxGamingOverlay
MicrosoftSolitaireCollection
XboxIdentityProvider
XboxSpeechToTextOverlay
Xbox.TCUI
OneDriveSync
MicrosoftTeams
GamingApp
BingNews
NarratorQuickStart
sway
AV1VideoExtension
VP9VideoExtensions
bingsports
bing
WebpImageExtension
HEIFImageExtension
maps
SpotifyAB
Spotify
Teams
Todos
XboxGameCallable
MixedReality
Clipchamp
CapturePicker