\Microsoft\Windows\Application Experience\Microsoft Compatibility Appraiser
\Microsoft\Windows\Application Experience\ProgramDataUpdater
\Microsoft\Windows\Application Experience\StartupAppTask
\Microsoft\Windows\Customer Experience Improvement Program\Consolidator
\Microsoft\Windows\Customer Experience Improvement Program\UsbCeip
\Microsoft\Windows\DiskDiagnostic\Microsoft-Windows-DiskDiagnosticResolver
\Microsoft\Windows\Maps\MapsToastTask
\Microsoft\Windows\Maps\MapsUpdateTask
\Microsoft\Windows\Shell\FamilySafetyMonitor
\Microsoft\Windows\WDI\ResolutionHost
\Microsoft\Windows\Windows Media Sharing\UpdateLibrary
\Microsoft\Windows\Autochk\Proxy
\Microsoft\Windows\CloudExperienceHost\CreateObjectTask
\Microsoft\Windows\Feedback\Siuf\DmClient
\Microsoft\Windows\Feedback\Siuf\DmClientOnScenarioDownload
\Microsoft\Windows\Shell\FamilySafetyRefreshTask
\Microsoft\Windows\Windows Error Reporting\QueueReporting
\Microsoft\XblGameSave\XblGameSaveTask
\Microsoft\Windows\Customer Experience Improvement Program\KernelCeipTask
\Microsoft\Windows\DiskDiagnostic\Microsoft-Windows-DiskDiagnosticDataCollector
\Microsoft\Windows\DiskFootprint\Diagnostics
\Microsoft\Windows\NetTrace\GatherNetworkInfo

Disable-ScheduledTask -TaskName "\Microsoft\Windows\Autochk\Proxy"
Disable-ScheduledTask -TaskName "\Microsoft\Windows\CloudExperienceHost\CreateObjectTask"
Disable-ScheduledTask -TaskName "\Microsoft\Windows\Feedback\Siuf\DmClient"
Disable-ScheduledTask -TaskName "\Microsoft\Windows\Feedback\Siuf\DmClientOnScenarioDownload"
Disable-ScheduledTask -TaskName "\Microsoft\Windows\Shell\FamilySafetyRefreshTask"
Disable-ScheduledTask -TaskName "\Microsoft\Windows\Windows Error Reporting\QueueReporting"
Disable-ScheduledTask -TaskName "\Microsoft\XblGameSave\XblGameSaveTask"
Unregister-ScheduledTask -TaskName 'Optimize Drives' -Confirm:$false
schtasks /Change /TN "Microsoft\Windows\Defrag\ScheduledDefrag" /Disable