Getstarted
3DViewer
windowscommunicationsapps
3dbuilder
ContentDeliveryManager
Windows.Search
Xbox
YourPhone
Bing
Alarms
Recorder
People
GetHelp
StickyNotes
Solitaire
OneDriveSync
Teams
GamingApp
NarratorQuickStart
sway
AV1VideoExtension
VP9VideoExtensions
WebpImageExtension
HEIFImageExtension
maps
Spotify
Todos
XboxGameCallable
MixedReality
Clipchamp
CapturePicker
549981C3F5F10
DesktopAppInstaller
HEVCVideoExtension
PowerAutomate
RawImageExtension
ScreenSketch
SecHealthUI
VCLibs
Extensions
Hub
WindowsTerminal
ZuneMusic
MicrosoftCorporationII
WebExperience
skype
onenote
ECApp
InternetExplorer
PowerShell.ISE
QuickAssist
Gaming
Extension
MicrosoftOfficeHub
WindowsAlarms
WindowsMaps
VP9V
Wallet