WpcMonSvc
SCPolicySvc
ScDeviceEnum
SCardSvr
RetailDemo
AJRouter
lfsvc
wisvc
WerSvc
RemoteRegistry
SharedAccess
PcaSvc
fhsvc
WbioSrvc
CertPropSvc
MapsBroker
icssvc
MixedRealityOpenXRSvc
SysMain
DoSvc
Dmwappushservice
DiagTrack
XboxNetApiSvc
XblGameSave
XblAuthManager
XboxGipSvc
WSearch
NetTcpPortSharing
RemoteAccess
TrkWks
WpcMonSvc
SCPolicySvc
ScDeviceEnum
SCardSvr
RetailDemo
AJRouter
lfsvc
wisvc
WerSvc
RemoteRegistry
SharedAccess
PcaSvc
fhsvc
WbioSrvc
CertPropSvc
MapsBroker
icssvc
MixedRealityOpenXRSvc
SysMain
DoSvc
Dmwappushservice
DiagTrack
XboxNetApiSvc
XblGameSave
XblAuthManager
XboxGipSvc
WSearch